c:\users\alan cisneros\source\repos\proyectointerfazgrafica\debug\vc142.pdb
c:\users\alan cisneros\source\repos\proyectointerfazgrafica\debug\.netframework,version=v4.6.1.assemblyattributes.obj
c:\users\alan cisneros\source\repos\proyectointerfazgrafica\debug\mainform.obj
c:\users\alan cisneros\source\repos\proyectointerfazgrafica\debug\agregar.obj
c:\users\alan cisneros\source\repos\proyectointerfazgrafica\debug\proyectointerfazgrafica.agregar.resources
c:\users\alan cisneros\source\repos\proyectointerfazgrafica\debug\proyectointerfazgrafica.mainform.resources
c:\users\alan cisneros\source\repos\proyectointerfazgrafica\debug\proyectointerfazgrafica.vcxproj.generateresource.cache
c:\users\alan cisneros\source\repos\proyectointerfazgrafica\debug\proyectointerfazgrafica.pdb
c:\users\alan cisneros\source\repos\proyectointerfazgrafica\debug\proyecto.9db7e51a.tlog\cl.command.1.tlog
c:\users\alan cisneros\source\repos\proyectointerfazgrafica\debug\proyecto.9db7e51a.tlog\cl.read.1.tlog
c:\users\alan cisneros\source\repos\proyectointerfazgrafica\debug\proyecto.9db7e51a.tlog\cl.write.1.tlog
c:\users\alan cisneros\source\repos\proyectointerfazgrafica\debug\proyecto.9db7e51a.tlog\link.16540-cvtres.read.1.tlog
c:\users\alan cisneros\source\repos\proyectointerfazgrafica\debug\proyecto.9db7e51a.tlog\link.16540-cvtres.write.1.tlog
c:\users\alan cisneros\source\repos\proyectointerfazgrafica\debug\proyecto.9db7e51a.tlog\link.16540-rc.read.1.tlog
c:\users\alan cisneros\source\repos\proyectointerfazgrafica\debug\proyecto.9db7e51a.tlog\link.16540-rc.write.1.tlog
c:\users\alan cisneros\source\repos\proyectointerfazgrafica\debug\proyecto.9db7e51a.tlog\link.16540.read.1.tlog
c:\users\alan cisneros\source\repos\proyectointerfazgrafica\debug\proyecto.9db7e51a.tlog\link.16540.write.1.tlog
c:\users\alan cisneros\source\repos\proyectointerfazgrafica\debug\proyecto.9db7e51a.tlog\link.command.1.tlog
c:\users\alan cisneros\source\repos\proyectointerfazgrafica\debug\proyecto.9db7e51a.tlog\link.read.1.tlog
c:\users\alan cisneros\source\repos\proyectointerfazgrafica\debug\proyecto.9db7e51a.tlog\link.write.1.tlog
c:\users\alan cisneros\source\repos\proyectointerfazgrafica\debug\proyecto.9db7e51a.tlog\metagen.read.1.tlog
c:\users\alan cisneros\source\repos\proyectointerfazgrafica\debug\proyecto.9db7e51a.tlog\metagen.write.1.tlog
c:\users\alan cisneros\source\repos\proyectointerfazgrafica\debug\proyecto.9db7e51a.tlog\proyectointerfazgrafica.write.1u.tlog
